CH113-pl1-2-5-Oct-nc|1_1102_10926_16218_1_ex	CH304-pl1-3-7-Oct-nc|1_1106_17586_25029_1_ex	99.68	312	0	1	1	312	3	313	3e-167	 569
CH206-2-1-May-nc|1_1102_9367_9576_1_ex	CH304-pl1-3-7-Oct-nc|1_1106_17586_25029_1_ex	99.68	312	1	0	1	312	2	313	7e-168	 571
CH304-pl1-3-7-Oct-nc|1_1106_17586_25029_1_ex	CH304-pl1-3-7-Oct-nc|1_1106_17586_25029_1_ex	100.00	313	0	0	1	313	1	313	4e-170	 579
CH112-pl1-2-4-Oct-nc|1_1102_12605_4879_1_ex	CH304-pl1-3-7-Oct-nc|1_1106_17586_25029_1_ex	98.40	312	4	1	1	312	3	313	1e-160	 547
CH602-pl1-6-2-Oct-nc|1_1103_14601_27439_1_ex	CH304-pl1-3-7-Oct-nc|1_1106_17586_25029_1_ex	99.04	313	1	1	1	313	3	313	2e-164	 560
CH603-pl1-6-3-Oct-nc|1_2106_19344_17133_1_ex	CH304-pl1-3-7-Oct-nc|1_1106_17586_25029_1_ex	99.68	311	1	0	1	311	3	313	3e-167	 569
CH204-2-3-May-nc|1_1113_25654_15317_1_ex	CH304-pl1-3-7-Oct-nc|1_1106_17586_25029_1_ex	100.00	313	0	0	2	314	1	313	4e-170	 579
CH502-pl1-4-8-Oct-nc|1_2111_10293_27692_1_ex	CH304-pl1-3-7-Oct-nc|1_1106_17586_25029_1_ex	98.72	312	4	0	9	320	1	312	7e-163	 555
CH502-pl1-4-8-Oct-nc|1_1102_28237_13381_1_ex	CH304-pl1-3-7-Oct-nc|1_1106_17586_25029_1_ex	98.07	311	6	0	1	311	3	313	6e-159	 542
CH502-pl1-4-8-Oct-nc|1_1107_21070_14741_1_ex	CH304-pl1-3-7-Oct-nc|1_1106_17586_25029_1_ex	98.38	308	5	0	1	308	3	310	6e-159	 542
CH502-pl1-4-8-Oct-nc|1_2101_26438_18573_1_ex	CH304-pl1-3-7-Oct-nc|1_1106_17586_25029_1_ex	98.07	311	6	0	1	311	3	313	6e-159	 542
CH502-pl1-4-8-Oct-nc|1_2102_19390_13080_1_ex	CH304-pl1-3-7-Oct-nc|1_1106_17586_25029_1_ex	98.38	308	5	0	4	311	6	313	6e-159	 542
CH502-pl1-4-8-Oct-nc|1_1104_8157_16617_1_ex	CH304-pl1-3-7-Oct-nc|1_1106_17586_25029_1_ex	98.07	311	5	1	1	310	3	313	2e-158	 540
CH502-pl1-4-8-Oct-nc|1_2103_11685_26793_1_ex	CH304-pl1-3-7-Oct-nc|1_1106_17586_25029_1_ex	97.42	310	8	0	1	310	4	313	4e-155	 529
CH502-pl1-4-8-Oct-nc|1_2108_17273_27632_1_ex	CH304-pl1-3-7-Oct-nc|1_1106_17586_25029_1_ex	99.66	290	0	1	22	310	24	313	4e-155	 529
CH502-pl1-4-8-Oct-nc|1_2109_21966_16778_1_ex	CH304-pl1-3-7-Oct-nc|1_1106_17586_25029_1_ex	98.07	311	5	1	1	310	3	313	2e-158	 540
CH308-pl1-4-3-Oct-nc|1_2110_9229_10986_1_ex	CH304-pl1-3-7-Oct-nc|1_1106_17586_25029_1_ex	99.68	313	1	0	3	315	1	313	2e-168	 573
CH308-pl1-4-3-Oct-nc|1_1101_13768_18790_1_ex	CH304-pl1-3-7-Oct-nc|1_1106_17586_25029_1_ex	97.11	311	9	0	1	311	3	313	6e-154	 525
CH506-6-3-May-nc|1_2105_16158_22211_1_ex	CH304-pl1-3-7-Oct-nc|1_1106_17586_25029_1_ex	99.36	312	2	0	1	312	2	313	3e-166	 566
CH205-2-2-May-nc|1_1102_9440_27809_1_ex	CH304-pl1-3-7-Oct-nc|1_1106_17586_25029_1_ex	100.00	313	0	0	24	336	1	313	5e-170	 579
CH114-pl1-2-6-Oct-nc|1_1102_10014_10337_1_ex	CH304-pl1-3-7-Oct-nc|1_1106_17586_25029_1_ex	99.68	312	0	1	1	312	3	313	3e-167	 569
CH310-pl1-4-5-Oct-nc|1_1102_9343_19183_1_ex	CH304-pl1-3-7-Oct-nc|1_1106_17586_25029_1_ex	98.40	313	3	1	1	313	3	313	3e-161	 549
CH310-pl1-4-5-Oct-nc|1_1105_12388_26376_1_ex	CH304-pl1-3-7-Oct-nc|1_1106_17586_25029_1_ex	98.39	311	5	0	1	311	3	313	1e-160	 547
CH310-pl1-4-5-Oct-nc|1_1106_16155_9070_1_ex	CH304-pl1-3-7-Oct-nc|1_1106_17586_25029_1_ex	98.07	311	6	0	1	311	3	313	6e-159	 542
CH310-pl1-4-5-Oct-nc|1_1108_21815_6755_1_ex	CH304-pl1-3-7-Oct-nc|1_1106_17586_25029_1_ex	97.75	311	7	0	1	311	3	313	3e-157	 536
CH310-pl1-4-5-Oct-nc|1_1109_3862_19237_1_ex	CH304-pl1-3-7-Oct-nc|1_1106_17586_25029_1_ex	98.39	311	5	0	1	311	3	313	1e-160	 547
CH310-pl1-4-5-Oct-nc|1_1110_7811_17532_1_ex	CH304-pl1-3-7-Oct-nc|1_1106_17586_25029_1_ex	98.39	311	5	0	1	311	3	313	1e-160	 547
CH310-pl1-4-5-Oct-nc|1_1113_22501_11697_1_ex	CH304-pl1-3-7-Oct-nc|1_1106_17586_25029_1_ex	98.39	311	5	0	1	311	3	313	1e-160	 547
CH310-pl1-4-5-Oct-nc|1_2102_17322_23679_1_ex	CH304-pl1-3-7-Oct-nc|1_1106_17586_25029_1_ex	98.07	311	6	0	1	311	3	313	6e-159	 542
CH310-pl1-4-5-Oct-nc|1_2105_11367_13744_1_ex	CH304-pl1-3-7-Oct-nc|1_1106_17586_25029_1_ex	98.39	311	5	0	1	311	3	313	1e-160	 547
CH310-pl1-4-5-Oct-nc|1_2110_3817_15988_1_ex	CH304-pl1-3-7-Oct-nc|1_1106_17586_25029_1_ex	98.39	311	5	0	1	311	3	313	1e-160	 547
CH310-pl1-4-5-Oct-nc|1_2114_15974_20148_1_ex	CH304-pl1-3-7-Oct-nc|1_1106_17586_25029_1_ex	98.39	311	5	0	1	311	3	313	1e-160	 547
CH406-5-4-May-nc|1_2102_19675_24297_1_ex	CH304-pl1-3-7-Oct-nc|1_1106_17586_25029_1_ex	99.36	313	2	0	7	319	1	313	9e-167	 568
CH406-5-4-May-nc|1_1101_6058_21446_1_ex	CH304-pl1-3-7-Oct-nc|1_1106_17586_25029_1_ex	97.43	311	8	0	1	311	3	313	1e-155	 531
CH106-1-3-May-nc|1_1110_21439_22183_1_ex	CH304-pl1-3-7-Oct-nc|1_1106_17586_25029_1_ex	99.36	311	2	0	1	311	3	313	1e-165	 564
CH106-1-3-May-nc|1_1111_5630_16700_1_ex	CH304-pl1-3-7-Oct-nc|1_1106_17586_25029_1_ex	97.44	312	7	1	1	312	3	313	1e-155	 531
CH106-1-3-May-nc|1_1107_8315_18054_1_ex	CH304-pl1-3-7-Oct-nc|1_1106_17586_25029_1_ex	97.43	311	8	0	1	311	3	313	1e-155	 531
CH310-3-1-May-nc|1_1101_18604_17140_1_ex	CH304-pl1-3-7-Oct-nc|1_1106_17586_25029_1_ex	99.36	312	2	0	1	312	2	313	3e-166	 566
CH607-pl1-6-7-Oct-nc|1_1101_17852_23911_1_ex	CH304-pl1-3-7-Oct-nc|1_1106_17586_25029_1_ex	98.72	313	2	1	1	313	3	313	7e-163	 555
CH111-pl1-2-3-Oct-nc|1_1111_8862_24940_1_ex	CH304-pl1-3-7-Oct-nc|1_1106_17586_25029_1_ex	99.04	313	1	1	1	313	3	313	2e-164	 560
CH309-pl1-4-4-Oct-nc|1_1101_20773_4368_1_ex	CH304-pl1-3-7-Oct-nc|1_1106_17586_25029_1_ex	99.04	312	3	0	1	312	2	313	2e-164	 560
CH606-pl1-6-6-Oct-nc|1_2109_10040_14462_1_ex	CH304-pl1-3-7-Oct-nc|1_1106_17586_25029_1_ex	100.00	311	0	0	3	313	3	313	6e-169	 575
CH302-pl1-3-5-Oct-nc|1_1103_18851_7119_1_ex	CH304-pl1-3-7-Oct-nc|1_1106_17586_25029_1_ex	99.68	313	1	0	1	313	1	313	2e-168	 573
CH508-pl1-5-6-Oct-nc|1_2105_9297_23643_1_ex	CH304-pl1-3-7-Oct-nc|1_1106_17586_25029_1_ex	99.04	311	3	0	1	311	3	313	6e-164	 558
CH601-pl1-6-1-Oct-nc|1_1102_14770_27980_1_ex	CH304-pl1-3-7-Oct-nc|1_1106_17586_25029_1_ex	100.00	311	0	0	1	311	3	313	6e-169	 575
CH501-6-7-May-nc|1_2104_16742_20287_1_ex	CH304-pl1-3-7-Oct-nc|1_1106_17586_25029_1_ex	99.04	311	3	0	1	311	3	313	6e-164	 558
CH301-pl1-3-4-Oct-nc|1_1101_21762_24316_1_ex	CH304-pl1-3-7-Oct-nc|1_1106_17586_25029_1_ex	99.36	312	2	0	1	312	2	313	3e-166	 566
CH605-pl1-6-5-Oct-nc|1_1110_16237_24188_1_ex	CH304-pl1-3-7-Oct-nc|1_1106_17586_25029_1_ex	99.36	313	2	0	1	313	1	313	9e-167	 568
CH605-pl1-6-5-Oct-nc|1_1102_13824_27047_1_ex	CH304-pl1-3-7-Oct-nc|1_1106_17586_25029_1_ex	100.00	290	0	0	22	311	24	313	3e-157	 536
CH109-pl1-2-1-Oct-nc|1_1111_17771_13255_1_ex	CH304-pl1-3-7-Oct-nc|1_1106_17586_25029_1_ex	99.36	312	2	0	1	312	2	313	3e-166	 566
CH313-4-6-May-nc|1_1101_17223_3813_1_ex	CH304-pl1-3-7-Oct-nc|1_1106_17586_25029_1_ex	99.68	312	0	1	1	312	3	313	3e-167	 569
CH314-4-5-May-nc|1_2113_14373_16842_1_ex	CH304-pl1-3-7-Oct-nc|1_1106_17586_25029_1_ex	99.36	312	1	1	1	312	3	313	1e-165	 564
CH105-1-4-May-nc|1_2105_9715_15085_1_ex	CH304-pl1-3-7-Oct-nc|1_1106_17586_25029_1_ex	100.00	313	0	0	27	339	1	313	5e-170	 579
CH209-3-6-May-nc|1_1101_23088_22908_1_ex	CH304-pl1-3-7-Oct-nc|1_1106_17586_25029_1_ex	99.04	312	2	1	1	312	3	313	6e-164	 558
CH404-5-6-May-nc|1_1109_23362_14780_1_ex	CH304-pl1-3-7-Oct-nc|1_1106_17586_25029_1_ex	99.68	313	1	0	17	329	1	313	2e-168	 573
CH119-pl1-3-3-Oct-nc|1_1112_7975_13869_1_ex	CH304-pl1-3-7-Oct-nc|1_1106_17586_25029_1_ex	99.68	313	1	0	2	314	1	313	2e-168	 573
CH403-5-7-May-nc|1_2110_22767_17537_1_ex	CH304-pl1-3-7-Oct-nc|1_1106_17586_25029_1_ex	99.68	311	0	1	1	310	3	313	9e-167	 568
CH316-4-3-May-nc|1_1101_17804_4020_1_ex	CH304-pl1-3-7-Oct-nc|1_1106_17586_25029_1_ex	99.68	312	1	0	1	312	2	313	7e-168	 571
CH118-pl1-3-2-Oct-nc|1_1107_19428_27614_1_ex	CH304-pl1-3-7-Oct-nc|1_1106_17586_25029_1_ex	99.68	311	1	0	1	311	3	313	3e-167	 569
CH405-5-5-May-nc|1_2114_7356_13964_1_ex	CH304-pl1-3-7-Oct-nc|1_1106_17586_25029_1_ex	99.36	313	1	1	18	329	1	313	3e-166	 566
CH505-6-4-May-nc|1_2105_8375_19090_1_ex	CH304-pl1-3-7-Oct-nc|1_1106_17586_25029_1_ex	99.68	313	1	0	2	314	1	313	2e-168	 573
CH401-4-1-May-nc|1_2102_8546_20040_1_ex	CH304-pl1-3-7-Oct-nc|1_1106_17586_25029_1_ex	99.68	309	1	0	1	309	2	310	3e-166	 566
CH604-pl1-6-4-Oct-nc|1_1113_14747_10301_1_ex	CH304-pl1-3-7-Oct-nc|1_1106_17586_25029_1_ex	100.00	313	0	0	4	316	1	313	4e-170	 579
CH110-pl1-2-2-Oct-nc|1_1102_9949_5557_1_ex	CH304-pl1-3-7-Oct-nc|1_1106_17586_25029_1_ex	99.04	312	3	0	1	312	2	313	2e-164	 560
CH110-pl1-2-2-Oct-nc|1_1103_25080_14554_1_ex	CH304-pl1-3-7-Oct-nc|1_1106_17586_25029_1_ex	99.66	293	1	0	19	311	21	313	3e-157	 536
neg-7-5-May-nc|1_2104_14460_24998_1_ex	CH304-pl1-3-7-Oct-nc|1_1106_17586_25029_1_ex	99.36	312	2	0	1	312	2	313	3e-166	 566
CH408-5-2-May-nc|1_1104_18113_23871_1_ex	CH304-pl1-3-7-Oct-nc|1_1106_17586_25029_1_ex	100.00	311	0	0	1	311	3	313	6e-169	 575
CH308-3-3-May-nc|1_1110_22091_26391_1_ex	CH304-pl1-3-7-Oct-nc|1_1106_17586_25029_1_ex	100.00	313	0	0	2	314	1	313	4e-170	 579
CH507-pl1-5-5-Oct-nc|1_1110_17381_9508_1_ex	CH304-pl1-3-7-Oct-nc|1_1106_17586_25029_1_ex	99.36	313	2	0	2	314	1	313	9e-167	 568
CH507-pl1-5-5-Oct-nc|1_1114_18451_14159_1_ex	CH304-pl1-3-7-Oct-nc|1_1106_17586_25029_1_ex	99.66	293	1	0	19	311	21	313	3e-157	 536
CH510-7-7-May-nc|1_1104_8944_8704_1_ex	CH304-pl1-3-7-Oct-nc|1_1106_17586_25029_1_ex	99.36	313	2	0	3	315	1	313	9e-167	 568
CH201-2-6-May-nc|1_2105_16108_25950_1_ex	CH304-pl1-3-7-Oct-nc|1_1106_17586_25029_1_ex	99.36	314	1	1	2	315	1	313	9e-167	 568
CH115-pl1-2-7-Oct-nc|1_1101_15281_24572_1_ex	CH304-pl1-3-7-Oct-nc|1_1106_17586_25029_1_ex	99.36	311	2	0	1	311	3	313	1e-165	 564
CH311-4-8-May-nc|1_2105_11929_22986_1_ex	CH304-pl1-3-7-Oct-nc|1_1106_17586_25029_1_ex	98.72	313	4	0	13	325	1	313	2e-163	 556
CH311-4-8-May-nc|1_2111_16656_25801_1_ex	CH304-pl1-3-7-Oct-nc|1_1106_17586_25029_1_ex	98.08	312	6	0	1	312	2	313	2e-159	 544
CH311-4-8-May-nc|1_1103_25211_6822_1_ex	CH304-pl1-3-7-Oct-nc|1_1106_17586_25029_1_ex	98.07	311	6	0	1	311	3	313	6e-159	 542
CH311-4-8-May-nc|1_1106_9801_25151_1_ex	CH304-pl1-3-7-Oct-nc|1_1106_17586_25029_1_ex	97.75	311	7	0	1	311	3	313	3e-157	 536
CH311-4-8-May-nc|1_1111_12946_17679_1_ex	CH304-pl1-3-7-Oct-nc|1_1106_17586_25029_1_ex	98.38	308	5	0	1	308	3	310	6e-159	 542
CH311-4-8-May-nc|1_1111_5648_19871_1_ex	CH304-pl1-3-7-Oct-nc|1_1106_17586_25029_1_ex	98.38	309	5	0	3	311	5	313	2e-159	 544
CH311-4-8-May-nc|1_1106_15509_26959_1_ex	CH304-pl1-3-7-Oct-nc|1_1106_17586_25029_1_ex	98.07	311	5	1	1	310	3	313	2e-158	 540
CH311-4-8-May-nc|1_1109_24932_7432_1_ex	CH304-pl1-3-7-Oct-nc|1_1106_17586_25029_1_ex	98.06	309	5	1	1	308	3	311	3e-157	 536
CH306-pl1-4-1-Oct-nc|1_1104_14965_4318_1_ex	CH304-pl1-3-7-Oct-nc|1_1106_17586_25029_1_ex	99.04	313	3	0	2	314	1	313	4e-165	 562
CH501-pl1-4-7-Oct-nc|1_1114_21367_11968_1_ex	CH304-pl1-3-7-Oct-nc|1_1106_17586_25029_1_ex	99.36	313	0	1	1	313	3	313	3e-166	 566
CH317-4-2-May-nc|1_1113_11527_10580_1_ex	CH304-pl1-3-7-Oct-nc|1_1106_17586_25029_1_ex	100.00	311	0	0	1	311	3	313	6e-169	 575
CH505-pl1-5-3-Oct-nc|1_1101_15663_9824_1_ex	CH304-pl1-3-7-Oct-nc|1_1106_17586_25029_1_ex	100.00	312	0	0	1	312	2	313	2e-169	 577
CH103-1-6-May-nc|1_1108_12105_6796_1_ex	CH304-pl1-3-7-Oct-nc|1_1106_17586_25029_1_ex	99.04	313	3	0	26	338	1	313	5e-165	 562
CH103-1-6-May-nc|1_1104_6632_7010_1_ex	CH304-pl1-3-7-Oct-nc|1_1106_17586_25029_1_ex	97.12	313	8	1	1	313	2	313	2e-154	 527
CH103-1-6-May-nc|1_1102_10220_11006_1_ex	CH304-pl1-3-7-Oct-nc|1_1106_17586_25029_1_ex	97.76	312	7	0	1	312	2	313	7e-158	 538
CH103-1-6-May-nc|1_1102_8729_18418_1_ex	CH304-pl1-3-7-Oct-nc|1_1106_17586_25029_1_ex	97.76	312	7	0	1	312	2	313	7e-158	 538
CH103-1-6-May-nc|1_1103_17548_18310_1_ex	CH304-pl1-3-7-Oct-nc|1_1106_17586_25029_1_ex	97.76	312	6	1	1	312	3	313	3e-157	 536
CH103-1-6-May-nc|1_1104_22429_18099_1_ex	CH304-pl1-3-7-Oct-nc|1_1106_17586_25029_1_ex	97.76	312	6	1	1	312	3	313	3e-157	 536
CH103-1-6-May-nc|1_2102_8242_26920_1_ex	CH304-pl1-3-7-Oct-nc|1_1106_17586_25029_1_ex	97.76	312	6	1	1	312	3	313	3e-157	 536
CH103-1-6-May-nc|1_2105_19984_26450_1_ex	CH304-pl1-3-7-Oct-nc|1_1106_17586_25029_1_ex	97.76	312	6	1	1	312	3	313	3e-157	 536
CH103-1-6-May-nc|1_2105_6704_17543_1_ex	CH304-pl1-3-7-Oct-nc|1_1106_17586_25029_1_ex	97.76	312	6	1	1	312	3	313	3e-157	 536
CH103-1-6-May-nc|1_2107_24186_20654_1_ex	CH304-pl1-3-7-Oct-nc|1_1106_17586_25029_1_ex	97.76	312	6	1	1	312	3	313	3e-157	 536
CH103-1-6-May-nc|1_2111_2331_13823_1_ex	CH304-pl1-3-7-Oct-nc|1_1106_17586_25029_1_ex	97.76	312	6	1	1	312	3	313	3e-157	 536
CH103-1-6-May-nc|1_1102_7800_20792_1_ex	CH304-pl1-3-7-Oct-nc|1_1106_17586_25029_1_ex	98.06	309	6	0	1	309	3	311	7e-158	 538
CH103-1-6-May-nc|1_1103_11450_9537_1_ex	CH304-pl1-3-7-Oct-nc|1_1106_17586_25029_1_ex	97.75	311	7	0	1	311	3	313	3e-157	 536
CH103-1-6-May-nc|1_1103_12563_12372_1_ex	CH304-pl1-3-7-Oct-nc|1_1106_17586_25029_1_ex	97.75	311	7	0	1	311	3	313	3e-157	 536
CH103-1-6-May-nc|1_1103_28869_13963_1_ex	CH304-pl1-3-7-Oct-nc|1_1106_17586_25029_1_ex	97.75	311	7	0	1	311	3	313	3e-157	 536
CH103-1-6-May-nc|1_1105_21661_12374_1_ex	CH304-pl1-3-7-Oct-nc|1_1106_17586_25029_1_ex	97.75	311	7	0	1	311	3	313	3e-157	 536
CH103-1-6-May-nc|1_1106_11101_13741_1_ex	CH304-pl1-3-7-Oct-nc|1_1106_17586_25029_1_ex	98.03	305	6	0	1	305	3	307	1e-155	 531
CH103-1-6-May-nc|1_1106_4461_12263_1_ex	CH304-pl1-3-7-Oct-nc|1_1106_17586_25029_1_ex	97.75	311	7	0	1	311	3	313	3e-157	 536
CH103-1-6-May-nc|1_1108_15756_20165_1_ex	CH304-pl1-3-7-Oct-nc|1_1106_17586_25029_1_ex	97.75	311	7	0	1	311	3	313	3e-157	 536
CH103-1-6-May-nc|1_1109_16945_20936_1_ex	CH304-pl1-3-7-Oct-nc|1_1106_17586_25029_1_ex	97.75	311	7	0	1	311	3	313	3e-157	 536
CH103-1-6-May-nc|1_1110_15360_27795_1_ex	CH304-pl1-3-7-Oct-nc|1_1106_17586_25029_1_ex	97.43	311	8	0	1	311	3	313	1e-155	 531
CH103-1-6-May-nc|1_1111_8704_12191_1_ex	CH304-pl1-3-7-Oct-nc|1_1106_17586_25029_1_ex	97.73	308	7	0	4	311	6	313	1e-155	 531
CH103-1-6-May-nc|1_1112_10564_20603_1_ex	CH304-pl1-3-7-Oct-nc|1_1106_17586_25029_1_ex	97.75	311	7	0	1	311	3	313	3e-157	 536
CH103-1-6-May-nc|1_1112_9067_12181_1_ex	CH304-pl1-3-7-Oct-nc|1_1106_17586_25029_1_ex	97.75	311	7	0	1	311	3	313	3e-157	 536
CH103-1-6-May-nc|1_1113_18798_14438_1_ex	CH304-pl1-3-7-Oct-nc|1_1106_17586_25029_1_ex	98.36	305	5	0	7	311	9	313	3e-157	 536
CH103-1-6-May-nc|1_1113_6543_25167_1_ex	CH304-pl1-3-7-Oct-nc|1_1106_17586_25029_1_ex	97.75	311	7	0	1	311	3	313	3e-157	 536
CH103-1-6-May-nc|1_1114_17423_22807_1_ex	CH304-pl1-3-7-Oct-nc|1_1106_17586_25029_1_ex	97.75	311	7	0	1	311	3	313	3e-157	 536
CH103-1-6-May-nc|1_1114_5811_12712_1_ex	CH304-pl1-3-7-Oct-nc|1_1106_17586_25029_1_ex	97.75	311	7	0	1	311	3	313	3e-157	 536
CH103-1-6-May-nc|1_2101_13349_10607_1_ex	CH304-pl1-3-7-Oct-nc|1_1106_17586_25029_1_ex	97.75	311	7	0	1	311	3	313	3e-157	 536
CH103-1-6-May-nc|1_2102_12847_12016_1_ex	CH304-pl1-3-7-Oct-nc|1_1106_17586_25029_1_ex	97.75	311	7	0	1	311	3	313	3e-157	 536
CH103-1-6-May-nc|1_2103_23670_15957_1_ex	CH304-pl1-3-7-Oct-nc|1_1106_17586_25029_1_ex	97.75	311	7	0	1	311	3	313	3e-157	 536
CH103-1-6-May-nc|1_2103_7276_18079_1_ex	CH304-pl1-3-7-Oct-nc|1_1106_17586_25029_1_ex	98.06	310	4	2	3	311	5	313	7e-158	 538
CH103-1-6-May-nc|1_2103_8282_17074_1_ex	CH304-pl1-3-7-Oct-nc|1_1106_17586_25029_1_ex	97.75	311	7	0	1	311	3	313	3e-157	 536
CH103-1-6-May-nc|1_2104_12159_15457_1_ex	CH304-pl1-3-7-Oct-nc|1_1106_17586_25029_1_ex	97.75	311	7	0	1	311	3	313	3e-157	 536
CH103-1-6-May-nc|1_2104_13350_13191_1_ex	CH304-pl1-3-7-Oct-nc|1_1106_17586_25029_1_ex	97.75	311	7	0	1	311	3	313	3e-157	 536
CH103-1-6-May-nc|1_2104_16146_20056_1_ex	CH304-pl1-3-7-Oct-nc|1_1106_17586_25029_1_ex	97.75	311	7	0	1	311	3	313	3e-157	 536
CH103-1-6-May-nc|1_2105_8872_15343_1_ex	CH304-pl1-3-7-Oct-nc|1_1106_17586_25029_1_ex	98.40	312	3	2	1	311	3	313	1e-160	 547
CH103-1-6-May-nc|1_2106_14015_28538_1_ex	CH304-pl1-3-7-Oct-nc|1_1106_17586_25029_1_ex	97.75	311	7	0	1	311	3	313	3e-157	 536
CH103-1-6-May-nc|1_2106_29369_17802_1_ex	CH304-pl1-3-7-Oct-nc|1_1106_17586_25029_1_ex	97.75	311	7	0	1	311	3	313	3e-157	 536
CH103-1-6-May-nc|1_2107_28718_16879_1_ex	CH304-pl1-3-7-Oct-nc|1_1106_17586_25029_1_ex	97.75	311	7	0	1	311	3	313	3e-157	 536
CH103-1-6-May-nc|1_2107_7225_12330_1_ex	CH304-pl1-3-7-Oct-nc|1_1106_17586_25029_1_ex	97.75	311	7	0	1	311	3	313	3e-157	 536
CH103-1-6-May-nc|1_2108_17060_9755_1_ex	CH304-pl1-3-7-Oct-nc|1_1106_17586_25029_1_ex	97.75	311	7	0	1	311	3	313	3e-157	 536
CH103-1-6-May-nc|1_2110_17692_21574_1_ex	CH304-pl1-3-7-Oct-nc|1_1106_17586_25029_1_ex	97.75	311	7	0	1	311	3	313	3e-157	 536
CH103-1-6-May-nc|1_2111_24870_18232_1_ex	CH304-pl1-3-7-Oct-nc|1_1106_17586_25029_1_ex	97.75	311	7	0	1	311	3	313	3e-157	 536
CH103-1-6-May-nc|1_2112_10485_24664_1_ex	CH304-pl1-3-7-Oct-nc|1_1106_17586_25029_1_ex	97.75	311	7	0	1	311	3	313	3e-157	 536
CH103-1-6-May-nc|1_2114_13502_14830_1_ex	CH304-pl1-3-7-Oct-nc|1_1106_17586_25029_1_ex	97.75	311	7	0	1	311	3	313	3e-157	 536
CH103-1-6-May-nc|1_2114_8381_3963_1_ex	CH304-pl1-3-7-Oct-nc|1_1106_17586_25029_1_ex	97.75	311	7	0	1	311	3	313	3e-157	 536
CH103-1-6-May-nc|1_1102_27565_22423_1_ex	CH304-pl1-3-7-Oct-nc|1_1106_17586_25029_1_ex	97.75	311	6	1	1	310	3	313	9e-157	 534
CH103-1-6-May-nc|1_1104_29122_17093_1_ex	CH304-pl1-3-7-Oct-nc|1_1106_17586_25029_1_ex	97.75	311	6	1	1	310	3	313	9e-157	 534
CH103-1-6-May-nc|1_1106_22165_8519_1_ex	CH304-pl1-3-7-Oct-nc|1_1106_17586_25029_1_ex	98.05	307	5	1	1	306	3	309	3e-156	 532
CH103-1-6-May-nc|1_1107_8534_10537_1_ex	CH304-pl1-3-7-Oct-nc|1_1106_17586_25029_1_ex	97.75	311	6	1	1	310	3	313	9e-157	 534
CH103-1-6-May-nc|1_1113_16637_21489_1_ex	CH304-pl1-3-7-Oct-nc|1_1106_17586_25029_1_ex	97.73	309	6	1	1	308	3	311	1e-155	 531
CH103-1-6-May-nc|1_2105_4263_10599_1_ex	CH304-pl1-3-7-Oct-nc|1_1106_17586_25029_1_ex	97.75	311	6	1	1	310	3	313	9e-157	 534
CH103-1-6-May-nc|1_2108_9477_20327_1_ex	CH304-pl1-3-7-Oct-nc|1_1106_17586_25029_1_ex	97.75	311	6	1	1	310	3	313	9e-157	 534
CH103-1-6-May-nc|1_2113_18081_4955_1_ex	CH304-pl1-3-7-Oct-nc|1_1106_17586_25029_1_ex	97.75	311	6	1	1	310	3	313	9e-157	 534
CH103-1-6-May-nc|1_2113_7436_14015_1_ex	CH304-pl1-3-7-Oct-nc|1_1106_17586_25029_1_ex	97.75	311	6	1	1	310	3	313	9e-157	 534
CH103-1-6-May-nc|1_1105_25153_15980_1_ex	CH304-pl1-3-7-Oct-nc|1_1106_17586_25029_1_ex	97.75	311	5	2	1	309	3	313	9e-157	 534
CH103-1-6-May-nc|1_2103_13183_23191_1_ex	CH304-pl1-3-7-Oct-nc|1_1106_17586_25029_1_ex	97.75	311	5	2	1	309	3	313	9e-157	 534
CH103-1-6-May-nc|1_2110_8440_14312_1_ex	CH304-pl1-3-7-Oct-nc|1_1106_17586_25029_1_ex	97.75	311	5	1	1	309	3	313	9e-157	 534
CH103-1-6-May-nc|1_2111_13493_24589_1_ex	CH304-pl1-3-7-Oct-nc|1_1106_17586_25029_1_ex	97.73	309	7	0	1	309	5	313	3e-156	 532
CH103-1-6-May-nc|1_1101_24330_23874_1_ex	CH304-pl1-3-7-Oct-nc|1_1106_17586_25029_1_ex	98.36	305	4	1	5	308	9	313	9e-157	 534
CH103-1-6-May-nc|1_2107_16462_6850_1_ex	CH304-pl1-3-7-Oct-nc|1_1106_17586_25029_1_ex	97.76	313	1	3	1	307	1	313	9e-157	 534
CH503-pl1-5-1-Oct-nc|1_2102_12578_9443_1_ex	CH304-pl1-3-7-Oct-nc|1_1106_17586_25029_1_ex	99.36	311	2	0	1	311	3	313	1e-165	 564
CH409-5-1-May-nc|1_2113_12901_9622_1_ex	CH304-pl1-3-7-Oct-nc|1_1106_17586_25029_1_ex	100.00	313	0	0	5	317	1	313	4e-170	 579
CH117-pl1-3-1-Oct-nc|1_1101_7880_21159_1_ex	CH304-pl1-3-7-Oct-nc|1_1106_17586_25029_1_ex	99.68	312	0	1	1	312	3	313	3e-167	 569
CH407-5-3-May-nc|1_1114_6447_21242_1_ex	CH304-pl1-3-7-Oct-nc|1_1106_17586_25029_1_ex	99.36	314	0	1	1	314	2	313	9e-167	 568
CH407-5-3-May-nc|1_1106_2335_17338_1_ex	CH304-pl1-3-7-Oct-nc|1_1106_17586_25029_1_ex	97.43	311	8	0	1	311	3	313	1e-155	 531
CH407-5-3-May-nc|1_2111_17745_21913_1_ex	CH304-pl1-3-7-Oct-nc|1_1106_17586_25029_1_ex	97.43	311	8	0	1	311	3	313	1e-155	 531
CH116-pl1-2-8-Oct-nc|1_1103_14526_14749_1_ex	CH304-pl1-3-7-Oct-nc|1_1106_17586_25029_1_ex	99.36	312	1	1	1	312	3	313	1e-165	 564
CH510-pl1-5-8-Oct-nc|1_1107_18552_12641_1_ex	CH304-pl1-3-7-Oct-nc|1_1106_17586_25029_1_ex	99.36	313	0	1	1	313	3	313	3e-166	 566
CH402-5-8-May-nc|1_2114_5820_10860_1_ex	CH304-pl1-3-7-Oct-nc|1_1106_17586_25029_1_ex	100.00	313	0	0	6	318	1	313	4e-170	 579
CH315-4-4-May-nc|1_1101_10662_24904_1_ex	CH304-pl1-3-7-Oct-nc|1_1106_17586_25029_1_ex	98.40	313	3	1	1	313	3	313	3e-161	 549
CH315-4-4-May-nc|1_2104_20609_4106_1_ex	CH304-pl1-3-7-Oct-nc|1_1106_17586_25029_1_ex	98.08	312	5	1	1	312	3	313	6e-159	 542
CH315-4-4-May-nc|1_2113_14536_22073_1_ex	CH304-pl1-3-7-Oct-nc|1_1106_17586_25029_1_ex	98.40	312	5	0	1	312	2	313	3e-161	 549
CH315-4-4-May-nc|1_1103_22687_12430_1_ex	CH304-pl1-3-7-Oct-nc|1_1106_17586_25029_1_ex	98.39	311	5	0	1	311	3	313	1e-160	 547
CH315-4-4-May-nc|1_1104_15681_4019_1_ex	CH304-pl1-3-7-Oct-nc|1_1106_17586_25029_1_ex	98.39	311	5	0	1	311	3	313	1e-160	 547
CH315-4-4-May-nc|1_1104_9004_10630_1_ex	CH304-pl1-3-7-Oct-nc|1_1106_17586_25029_1_ex	98.07	311	6	0	1	311	3	313	6e-159	 542
CH315-4-4-May-nc|1_1106_6401_16448_1_ex	CH304-pl1-3-7-Oct-nc|1_1106_17586_25029_1_ex	98.39	311	5	0	1	311	3	313	1e-160	 547
CH315-4-4-May-nc|1_1109_11432_26032_1_ex	CH304-pl1-3-7-Oct-nc|1_1106_17586_25029_1_ex	98.39	311	5	0	1	311	3	313	1e-160	 547
CH315-4-4-May-nc|1_1114_20947_26158_1_ex	CH304-pl1-3-7-Oct-nc|1_1106_17586_25029_1_ex	97.75	311	7	0	1	311	3	313	3e-157	 536
CH315-4-4-May-nc|1_2105_26332_17343_1_ex	CH304-pl1-3-7-Oct-nc|1_1106_17586_25029_1_ex	98.39	311	5	0	1	311	3	313	1e-160	 547
CH315-4-4-May-nc|1_2107_23036_6643_1_ex	CH304-pl1-3-7-Oct-nc|1_1106_17586_25029_1_ex	98.39	311	5	0	1	311	3	313	1e-160	 547
CH315-4-4-May-nc|1_2108_7435_24691_1_ex	CH304-pl1-3-7-Oct-nc|1_1106_17586_25029_1_ex	98.39	311	5	0	1	311	3	313	1e-160	 547
CH315-4-4-May-nc|1_2109_10549_12380_1_ex	CH304-pl1-3-7-Oct-nc|1_1106_17586_25029_1_ex	98.39	311	5	0	1	311	3	313	1e-160	 547
CH315-4-4-May-nc|1_2112_12159_9393_1_ex	CH304-pl1-3-7-Oct-nc|1_1106_17586_25029_1_ex	98.39	311	5	0	1	311	3	313	1e-160	 547
CH307-pl1-4-2-Oct-nc|1_2102_5028_14498_1_ex	CH304-pl1-3-7-Oct-nc|1_1106_17586_25029_1_ex	99.04	313	1	1	1	313	3	313	2e-164	 560
CH503-6-6-May-nc|1_2112_13408_22985_1_ex	CH304-pl1-3-7-Oct-nc|1_1106_17586_25029_1_ex	99.04	312	2	1	1	312	3	313	6e-164	 558
CH309-3-2-May-nc|1_1107_21219_21838_1_ex	CH304-pl1-3-7-Oct-nc|1_1106_17586_25029_1_ex	99.68	311	1	0	1	311	3	313	3e-167	 569
CH602-7-6-May-nc|1_1103_11222_3470_1_ex	CH304-pl1-3-7-Oct-nc|1_1106_17586_25029_1_ex	99.36	311	2	0	1	311	3	313	1e-165	 564
CH305-pl1-3-8-Oct-nc|1_2110_10509_22653_1_ex	CH304-pl1-3-7-Oct-nc|1_1106_17586_25029_1_ex	99.68	313	1	0	1	313	1	313	2e-168	 573
CH303-pl1-3-6-Oct-nc|1_1102_15265_21686_1_ex	CH304-pl1-3-7-Oct-nc|1_1106_17586_25029_1_ex	100.00	313	0	0	1	313	1	313	4e-170	 579
CH608-pl1-6-8-Oct-nc|1_1107_5331_10619_1_ex	CH304-pl1-3-7-Oct-nc|1_1106_17586_25029_1_ex	99.68	313	0	1	1	313	2	313	7e-168	 571
CH506-pl1-5-4-Oct-nc|1_2108_19105_19739_1_ex	CH304-pl1-3-7-Oct-nc|1_1106_17586_25029_1_ex	99.68	313	1	0	2	314	1	313	2e-168	 573
CH203-2-4-May-nc|1_1101_9790_13250_1_ex	CH304-pl1-3-7-Oct-nc|1_1106_17586_25029_1_ex	99.36	312	2	0	1	312	2	313	3e-166	 566
CH312-4-7-May-nc|1_2114_10808_12998_1_ex	CH304-pl1-3-7-Oct-nc|1_1106_17586_25029_1_ex	99.04	311	3	0	1	311	3	313	6e-164	 558
CH312-4-7-May-nc|1_1101_26865_8994_1_ex	CH304-pl1-3-7-Oct-nc|1_1106_17586_25029_1_ex	97.12	312	9	0	1	312	2	313	2e-154	 527
CH312-4-7-May-nc|1_2111_20310_26284_1_ex	CH304-pl1-3-7-Oct-nc|1_1106_17586_25029_1_ex	97.76	312	7	0	1	312	2	313	7e-158	 538
CH312-4-7-May-nc|1_1101_24633_10184_1_ex	CH304-pl1-3-7-Oct-nc|1_1106_17586_25029_1_ex	97.75	311	7	0	1	311	3	313	3e-157	 536
CH312-4-7-May-nc|1_1111_15185_17021_1_ex	CH304-pl1-3-7-Oct-nc|1_1106_17586_25029_1_ex	97.75	311	7	0	1	311	3	313	3e-157	 536
CH312-4-7-May-nc|1_2111_11547_5110_1_ex	CH304-pl1-3-7-Oct-nc|1_1106_17586_25029_1_ex	97.10	310	9	0	1	310	4	313	2e-153	 523
CH312-4-7-May-nc|1_2112_4207_14922_1_ex	CH304-pl1-3-7-Oct-nc|1_1106_17586_25029_1_ex	97.75	311	5	1	1	309	3	313	9e-157	 534
CH312-4-7-May-nc|1_1111_25351_20883_1_ex	CH304-pl1-3-7-Oct-nc|1_1106_17586_25029_1_ex	97.43	311	2	2	1	305	3	313	5e-154	 525
CH509-pl1-5-7-Oct-nc|1_1107_20609_7175_1_ex	CH304-pl1-3-7-Oct-nc|1_1106_17586_25029_1_ex	99.04	313	1	1	1	313	3	313	2e-164	 560
CH401-pl1-4-6-Oct-nc|1_1110_12109_12328_1_ex	CH304-pl1-3-7-Oct-nc|1_1106_17586_25029_1_ex	100.00	313	0	0	11	323	1	313	4e-170	 579
CH504-pl1-5-2-Oct-nc|1_1109_13608_27725_1_ex	CH304-pl1-3-7-Oct-nc|1_1106_17586_25029_1_ex	99.04	312	3	0	1	312	2	313	2e-164	 560
