CH101-pl1-1-1-Oct-nc|1_2105_17136_11806_1_ex	CH101-pl1-1-1-Oct-nc|1_2105_17136_11806_1_ex	100.00	315	0	0	1	315	1	315	3e-171	 582
CH101-pl1-1-1-Oct-nc|1_1101_19163_12271_1_ex	CH101-pl1-1-1-Oct-nc|1_2105_17136_11806_1_ex	96.85	317	4	3	1	314	2	315	6e-154	 525
CH101-pl1-1-1-Oct-nc|1_1105_9774_10777_1_ex	CH101-pl1-1-1-Oct-nc|1_2105_17136_11806_1_ex	96.82	314	7	2	1	311	2	315	7e-153	 521
CH113-pl1-2-5-Oct-nc|1_2101_27873_17936_1_ex	CH101-pl1-1-1-Oct-nc|1_2105_17136_11806_1_ex	98.73	314	1	2	1	311	2	315	7e-163	 555
CH206-2-1-May-nc|1_1114_27579_13621_1_ex	CH101-pl1-1-1-Oct-nc|1_2105_17136_11806_1_ex	97.78	316	3	2	1	313	1	315	6e-159	 542
CH304-pl1-3-7-Oct-nc|1_1105_25326_8473_1_ex	CH101-pl1-1-1-Oct-nc|1_2105_17136_11806_1_ex	98.73	315	1	1	12	323	1	315	2e-163	 556
CH112-pl1-2-4-Oct-nc|1_2109_10322_12814_1_ex	CH101-pl1-1-1-Oct-nc|1_2105_17136_11806_1_ex	99.05	315	0	1	11	322	1	315	4e-165	 562
CH602-pl1-6-2-Oct-nc|1_2112_17474_4212_1_ex	CH101-pl1-1-1-Oct-nc|1_2105_17136_11806_1_ex	98.73	314	1	1	1	311	2	315	8e-163	 555
CH309-3-2-May-nc|1_1102_27653_12510_1_ex	CH101-pl1-1-1-Oct-nc|1_2105_17136_11806_1_ex	98.41	315	1	3	1	312	2	315	9e-162	 551
CH103-pl1-1-3-Oct-nc|1_1102_9913_11787_1_ex	CH101-pl1-1-1-Oct-nc|1_2105_17136_11806_1_ex	99.05	315	0	1	10	321	1	315	4e-165	 562
CH502-pl1-4-8-Oct-nc|1_1101_24418_25110_1_ex	CH101-pl1-1-1-Oct-nc|1_2105_17136_11806_1_ex	98.11	317	1	3	1	314	1	315	1e-160	 547
CH510-pl1-5-8-Oct-nc|1_1111_8731_20032_1_ex	CH101-pl1-1-1-Oct-nc|1_2105_17136_11806_1_ex	99.68	315	1	0	1	315	1	315	2e-169	 577
CH510-pl1-5-8-Oct-nc|1_1101_17841_4428_1_ex	CH101-pl1-1-1-Oct-nc|1_2105_17136_11806_1_ex	97.44	313	5	2	1	310	1	313	1e-155	 531
CH510-pl1-5-8-Oct-nc|1_2104_27519_9634_1_ex	CH101-pl1-1-1-Oct-nc|1_2105_17136_11806_1_ex	97.46	315	2	5	2	312	3	315	3e-156	 532
CH510-pl1-5-8-Oct-nc|1_1114_12008_15110_1_ex	CH101-pl1-1-1-Oct-nc|1_2105_17136_11806_1_ex	97.77	314	3	3	1	310	2	315	7e-158	 538
CH504-6-5-May-nc|1_2101_8721_18397_1_ex	CH101-pl1-1-1-Oct-nc|1_2105_17136_11806_1_ex	98.41	315	2	2	4	315	1	315	9e-162	 551
CH110-2-7-May-nc|1_1102_14199_27658_1_ex	CH101-pl1-1-1-Oct-nc|1_2105_17136_11806_1_ex	98.73	314	1	1	1	311	2	315	8e-163	 555
CH102-1-7-May-nc|1_1102_17379_27773_1_ex	CH101-pl1-1-1-Oct-nc|1_2105_17136_11806_1_ex	98.73	315	1	2	1	312	1	315	2e-163	 556
CH203-2-4-May-nc|1_1107_13081_11271_1_ex	CH101-pl1-1-1-Oct-nc|1_2105_17136_11806_1_ex	98.73	315	0	2	1	312	2	315	2e-163	 556
CH114-pl1-2-6-Oct-nc|1_1105_15737_20636_1_ex	CH101-pl1-1-1-Oct-nc|1_2105_17136_11806_1_ex	98.42	317	0	3	1	314	1	315	3e-162	 553
CH310-pl1-4-5-Oct-nc|1_1103_25241_20637_1_ex	CH101-pl1-1-1-Oct-nc|1_2105_17136_11806_1_ex	98.41	315	2	1	5	316	1	315	9e-162	 551
CH308-pl1-4-3-Oct-nc|1_1103_14822_12234_1_ex	CH101-pl1-1-1-Oct-nc|1_2105_17136_11806_1_ex	99.68	314	1	0	1	314	2	315	6e-169	 575
CH308-pl1-4-3-Oct-nc|1_2101_24262_20530_1_ex	CH101-pl1-1-1-Oct-nc|1_2105_17136_11806_1_ex	96.84	316	5	3	1	313	2	315	2e-153	 523
CH111-pl1-2-3-Oct-nc|1_1104_20289_25468_1_ex	CH101-pl1-1-1-Oct-nc|1_2105_17136_11806_1_ex	99.68	314	1	0	1	314	2	315	6e-169	 575
CH111-pl1-2-3-Oct-nc|1_1108_10303_8437_1_ex	CH101-pl1-1-1-Oct-nc|1_2105_17136_11806_1_ex	96.53	317	5	3	1	314	2	315	3e-152	 520
CH609-pl1-7-1-Oct-nc|1_1112_11242_24062_1_ex	CH101-pl1-1-1-Oct-nc|1_2105_17136_11806_1_ex	98.73	316	1	1	1	316	2	314	6e-164	 558
CH609-pl1-7-1-Oct-nc|1_1102_6617_14688_1_ex	CH101-pl1-1-1-Oct-nc|1_2105_17136_11806_1_ex	98.10	316	1	3	1	313	2	315	4e-160	 545
CH607-pl1-6-7-Oct-nc|1_1110_22079_4171_1_ex	CH101-pl1-1-1-Oct-nc|1_2105_17136_11806_1_ex	98.73	315	1	2	13	324	1	315	2e-163	 556
CH209-3-6-May-nc|1_1101_11049_12097_1_ex	CH101-pl1-1-1-Oct-nc|1_2105_17136_11806_1_ex	98.11	317	1	3	1	314	1	315	1e-160	 547
CH104-1-5-May-nc|1_2105_16181_17403_1_ex	CH101-pl1-1-1-Oct-nc|1_2105_17136_11806_1_ex	98.73	315	1	1	15	326	1	315	2e-163	 556
CH104-1-5-May-nc|1_1103_23331_12069_1_ex	CH101-pl1-1-1-Oct-nc|1_2105_17136_11806_1_ex	96.23	318	5	4	1	315	2	315	1e-150	 514
CH104-1-5-May-nc|1_1104_4936_17123_1_ex	CH101-pl1-1-1-Oct-nc|1_2105_17136_11806_1_ex	98.08	313	1	4	1	309	2	313	2e-158	 540
CH508-6-1-May-nc|1_1101_8646_6236_1_ex	CH101-pl1-1-1-Oct-nc|1_2105_17136_11806_1_ex	98.73	314	1	2	1	311	2	315	7e-163	 555
CH102-pl1-1-2-Oct-nc|1_2112_22478_8174_1_ex	CH101-pl1-1-1-Oct-nc|1_2105_17136_11806_1_ex	98.73	314	1	1	1	311	2	315	7e-163	 555
CH107-1-2-May-nc|1_2107_7483_23780_1_ex	CH101-pl1-1-1-Oct-nc|1_2105_17136_11806_1_ex	98.41	315	2	2	24	335	1	315	1e-161	 551
CH-BL2-pl1-7-4-Oct-nc|1_1102_10818_23263_1_ex	CH101-pl1-1-1-Oct-nc|1_2105_17136_11806_1_ex	99.68	314	1	0	1	314	2	315	6e-169	 575
CH210-3-5-May-nc|1_2102_7803_8624_1_ex	CH101-pl1-1-1-Oct-nc|1_2105_17136_11806_1_ex	98.73	314	1	1	1	311	2	315	7e-163	 555
CH302-pl1-3-5-Oct-nc|1_2112_23354_19511_1_ex	CH101-pl1-1-1-Oct-nc|1_2105_17136_11806_1_ex	97.48	318	2	3	1	315	1	315	7e-158	 538
CH302-pl1-3-5-Oct-nc|1_1102_20186_15022_1_ex	CH101-pl1-1-1-Oct-nc|1_2105_17136_11806_1_ex	99.36	314	2	0	1	314	2	315	3e-167	 569
CH302-pl1-3-5-Oct-nc|1_1108_3424_17463_1_ex	CH101-pl1-1-1-Oct-nc|1_2105_17136_11806_1_ex	97.45	314	5	1	1	311	2	315	3e-156	 532
CH302-pl1-3-5-Oct-nc|1_1109_12193_6319_1_ex	CH101-pl1-1-1-Oct-nc|1_2105_17136_11806_1_ex	97.77	314	3	3	1	310	2	315	7e-158	 538
CH101-1-8-May-nc|1_2114_22385_22080_1_ex	CH101-pl1-1-1-Oct-nc|1_2105_17136_11806_1_ex	99.05	315	0	1	1	312	1	315	5e-165	 562
CH601-pl1-6-1-Oct-nc|1_1102_12629_8189_1_ex	CH101-pl1-1-1-Oct-nc|1_2105_17136_11806_1_ex	99.05	315	1	2	3	315	1	315	1e-165	 564
CH601-pl1-6-1-Oct-nc|1_2103_18237_7942_1_ex	CH101-pl1-1-1-Oct-nc|1_2105_17136_11806_1_ex	96.78	311	7	1	4	311	5	315	3e-151	 516
CH202-2-5-May-nc|1_1111_14115_28583_1_ex	CH101-pl1-1-1-Oct-nc|1_2105_17136_11806_1_ex	98.72	312	1	1	10	318	4	315	1e-161	 551
CH202-2-5-May-nc|1_2102_7674_11967_1_ex	CH101-pl1-1-1-Oct-nc|1_2105_17136_11806_1_ex	98.42	317	3	1	1	317	1	315	2e-163	 556
CH202-2-5-May-nc|1_2111_13976_21014_1_ex	CH101-pl1-1-1-Oct-nc|1_2105_17136_11806_1_ex	97.11	311	5	3	5	312	6	315	7e-153	 521
CH202-2-5-May-nc|1_2101_8683_13805_1_ex	CH101-pl1-1-1-Oct-nc|1_2105_17136_11806_1_ex	96.52	316	3	4	1	310	2	315	3e-151	 516
pcr-POS-pl1-7-6-Oct-nc|1_1108_6151_24160_1_ex	CH101-pl1-1-1-Oct-nc|1_2105_17136_11806_1_ex	97.47	316	3	3	1	313	2	315	9e-157	 534
CH301-pl1-3-4-Oct-nc|1_1111_12453_27617_1_ex	CH101-pl1-1-1-Oct-nc|1_2105_17136_11806_1_ex	99.05	315	0	1	8	319	1	315	4e-165	 562
CH606-pl1-6-6-Oct-nc|1_2114_18585_9443_1_ex	CH101-pl1-1-1-Oct-nc|1_2105_17136_11806_1_ex	98.73	315	1	2	29	340	1	315	2e-163	 556
CH109-pl1-2-1-Oct-nc|1_1109_9384_21255_1_ex	CH101-pl1-1-1-Oct-nc|1_2105_17136_11806_1_ex	99.68	314	1	0	1	314	2	315	6e-169	 575
CH109-pl1-2-1-Oct-nc|1_1103_21976_14388_1_ex	CH101-pl1-1-1-Oct-nc|1_2105_17136_11806_1_ex	97.13	314	3	1	1	308	2	315	6e-154	 525
CH309-pl1-4-4-Oct-nc|1_2111_19020_11638_1_ex	CH101-pl1-1-1-Oct-nc|1_2105_17136_11806_1_ex	98.73	315	1	1	21	332	1	315	2e-163	 556
CH207-3-8-May-nc|1_1108_13776_14705_1_ex	CH101-pl1-1-1-Oct-nc|1_2105_17136_11806_1_ex	98.10	315	2	3	1	312	2	315	4e-160	 545
CH119-pl1-3-3-Oct-nc|1_1114_17361_12540_1_ex	CH101-pl1-1-1-Oct-nc|1_2105_17136_11806_1_ex	98.41	314	2	1	1	311	2	315	4e-161	 549
CH119-pl1-3-3-Oct-nc|1_1114_11909_28155_1_ex	CH101-pl1-1-1-Oct-nc|1_2105_17136_11806_1_ex	96.24	319	4	4	1	316	2	315	3e-151	 516
CH118-pl1-3-2-Oct-nc|1_2106_15982_25320_1_ex	CH101-pl1-1-1-Oct-nc|1_2105_17136_11806_1_ex	98.41	315	2	2	8	319	1	315	1e-161	 551
CH118-pl1-3-2-Oct-nc|1_2108_16428_5700_1_ex	CH101-pl1-1-1-Oct-nc|1_2105_17136_11806_1_ex	97.44	312	5	2	1	309	2	313	4e-155	 529
CH118-pl1-3-2-Oct-nc|1_2110_24095_23599_1_ex	CH101-pl1-1-1-Oct-nc|1_2105_17136_11806_1_ex	96.50	314	7	3	2	311	2	315	3e-151	 516
CH604-pl1-6-4-Oct-nc|1_1104_11193_6308_1_ex	CH101-pl1-1-1-Oct-nc|1_2105_17136_11806_1_ex	99.68	315	0	1	1	315	2	315	6e-169	 575
CH604-pl1-6-4-Oct-nc|1_1101_9513_5482_1_ex	CH101-pl1-1-1-Oct-nc|1_2105_17136_11806_1_ex	96.20	316	7	4	1	313	2	315	4e-150	 512
CH604-pl1-6-4-Oct-nc|1_2103_19820_7570_1_ex	CH101-pl1-1-1-Oct-nc|1_2105_17136_11806_1_ex	96.81	313	5	3	4	313	5	315	9e-152	 518
CH110-pl1-2-2-Oct-nc|1_1109_19936_9823_1_ex	CH101-pl1-1-1-Oct-nc|1_2105_17136_11806_1_ex	99.04	314	3	0	1	314	2	315	1e-165	 564
CH110-pl1-2-2-Oct-nc|1_2102_18477_7604_1_ex	CH101-pl1-1-1-Oct-nc|1_2105_17136_11806_1_ex	98.08	313	3	2	1	310	3	315	6e-159	 542
CH110-pl1-2-2-Oct-nc|1_2106_16297_7752_1_ex	CH101-pl1-1-1-Oct-nc|1_2105_17136_11806_1_ex	96.84	316	4	5	1	312	2	315	2e-153	 523
CH110-pl1-2-2-Oct-nc|1_1110_10713_27863_1_ex	CH101-pl1-1-1-Oct-nc|1_2105_17136_11806_1_ex	97.42	310	5	1	5	311	6	315	6e-154	 525
CH110-pl1-2-2-Oct-nc|1_2112_17573_21662_1_ex	CH101-pl1-1-1-Oct-nc|1_2105_17136_11806_1_ex	97.45	314	5	2	1	311	2	315	3e-156	 532
CH110-pl1-2-2-Oct-nc|1_1111_11765_16896_1_ex	CH101-pl1-1-1-Oct-nc|1_2105_17136_11806_1_ex	96.82	314	4	3	1	308	2	315	3e-152	 520
CH204-2-3-May-nc|1_1101_15249_8454_1_ex	CH101-pl1-1-1-Oct-nc|1_2105_17136_11806_1_ex	99.05	315	0	3	2	313	1	315	4e-165	 562
neg-7-5-May-nc|1_1105_18185_18390_1_ex	CH101-pl1-1-1-Oct-nc|1_2105_17136_11806_1_ex	98.72	313	1	1	2	311	3	315	3e-162	 553
CH107-pl1-1-7-Oct-nc|1_1103_19227_9435_1_ex	CH101-pl1-1-1-Oct-nc|1_2105_17136_11806_1_ex	98.73	314	1	2	1	311	2	315	7e-163	 555
CH507-pl1-5-5-Oct-nc|1_1105_7417_23503_1_ex	CH101-pl1-1-1-Oct-nc|1_2105_17136_11806_1_ex	98.41	314	2	2	1	311	2	315	3e-161	 549
CH109-2-8-May-nc|1_1104_4149_17971_1_ex	CH101-pl1-1-1-Oct-nc|1_2105_17136_11806_1_ex	99.36	314	2	0	1	314	2	315	3e-167	 569
CH109-2-8-May-nc|1_1111_17882_15316_1_ex	CH101-pl1-1-1-Oct-nc|1_2105_17136_11806_1_ex	97.46	315	5	1	1	312	1	315	9e-157	 534
CH109-2-8-May-nc|1_2103_19217_16098_1_ex	CH101-pl1-1-1-Oct-nc|1_2105_17136_11806_1_ex	97.46	315	4	3	1	312	2	315	9e-157	 534
CH109-2-8-May-nc|1_2107_12255_24001_1_ex	CH101-pl1-1-1-Oct-nc|1_2105_17136_11806_1_ex	97.46	315	5	2	1	312	1	315	9e-157	 534
CH109-2-8-May-nc|1_1105_9084_11993_1_ex	CH101-pl1-1-1-Oct-nc|1_2105_17136_11806_1_ex	98.07	311	3	2	4	311	5	315	7e-158	 538
pcr-NEG-pl1-7-7-Oct-nc|1_1101_9829_3153_1_ex	CH101-pl1-1-1-Oct-nc|1_2105_17136_11806_1_ex	99.05	315	0	1	2	313	1	315	4e-165	 562
CH306-pl1-4-1-Oct-nc|1_2113_14905_26849_1_ex	CH101-pl1-1-1-Oct-nc|1_2105_17136_11806_1_ex	98.41	314	2	2	1	311	2	315	3e-161	 549
CH501-pl1-4-7-Oct-nc|1_2110_14536_5793_1_ex	CH101-pl1-1-1-Oct-nc|1_2105_17136_11806_1_ex	98.73	315	1	1	7	318	1	315	2e-163	 556
CH507-6-2-May-nc|1_1103_16590_12766_1_ex	CH101-pl1-1-1-Oct-nc|1_2105_17136_11806_1_ex	98.41	314	2	2	1	311	2	315	3e-161	 549
CH104-pl1-1-4-Oct-nc|1_1107_12247_23331_1_ex	CH101-pl1-1-1-Oct-nc|1_2105_17136_11806_1_ex	98.10	315	3	2	6	317	1	315	4e-160	 545
CH104-pl1-1-4-Oct-nc|1_1101_18512_16301_1_ex	CH101-pl1-1-1-Oct-nc|1_2105_17136_11806_1_ex	95.90	317	7	2	1	314	2	315	6e-149	 508
CH310-3-1-May-nc|1_2107_9200_6395_1_ex	CH101-pl1-1-1-Oct-nc|1_2105_17136_11806_1_ex	98.41	315	2	2	1	312	1	315	9e-162	 551
CH108-pl1-1-8-Oct-nc|1_1103_20873_20660_1_ex	CH101-pl1-1-1-Oct-nc|1_2105_17136_11806_1_ex	98.73	316	0	3	2	314	1	315	6e-164	 558
CH610-pl1-7-2-Oct-nc|1_1105_18104_6500_1_ex	CH101-pl1-1-1-Oct-nc|1_2105_17136_11806_1_ex	99.05	315	0	1	4	315	1	315	4e-165	 562
CH503-pl1-5-1-Oct-nc|1_2111_21188_16601_1_ex	CH101-pl1-1-1-Oct-nc|1_2105_17136_11806_1_ex	99.04	312	0	1	1	309	4	315	2e-163	 556
CH117-pl1-3-1-Oct-nc|1_1112_21052_10874_1_ex	CH101-pl1-1-1-Oct-nc|1_2105_17136_11806_1_ex	98.41	315	2	2	5	316	1	315	9e-162	 551
CH117-pl1-3-1-Oct-nc|1_1102_22697_21915_1_ex	CH101-pl1-1-1-Oct-nc|1_2105_17136_11806_1_ex	96.85	317	4	3	1	314	2	315	6e-154	 525
CH117-pl1-3-1-Oct-nc|1_1102_4395_10505_1_ex	CH101-pl1-1-1-Oct-nc|1_2105_17136_11806_1_ex	96.53	317	5	3	1	314	2	315	3e-152	 520
CH115-pl1-2-7-Oct-nc|1_2110_24793_6820_1_ex	CH101-pl1-1-1-Oct-nc|1_2105_17136_11806_1_ex	99.04	313	0	1	1	310	3	315	6e-164	 558
CH508-pl1-5-6-Oct-nc|1_1101_18482_26952_1_ex	CH101-pl1-1-1-Oct-nc|1_2105_17136_11806_1_ex	96.21	317	6	3	1	314	2	315	1e-150	 514
CH508-pl1-5-6-Oct-nc|1_1113_12072_10057_1_ex	CH101-pl1-1-1-Oct-nc|1_2105_17136_11806_1_ex	98.10	315	3	1	3	314	1	315	4e-160	 545
CH508-pl1-5-6-Oct-nc|1_1107_20724_7454_1_ex	CH101-pl1-1-1-Oct-nc|1_2105_17136_11806_1_ex	96.50	314	8	2	1	311	2	315	3e-151	 516
CH116-pl1-2-8-Oct-nc|1_1101_15577_17803_1_ex	CH101-pl1-1-1-Oct-nc|1_2105_17136_11806_1_ex	98.42	316	0	3	1	313	2	315	9e-162	 551
CH605-pl1-6-5-Oct-nc|1_1102_7714_23811_1_ex	CH101-pl1-1-1-Oct-nc|1_2105_17136_11806_1_ex	98.10	315	0	1	10	318	1	315	2e-159	 544
CH605-pl1-6-5-Oct-nc|1_2103_23579_23692_1_ex	CH101-pl1-1-1-Oct-nc|1_2105_17136_11806_1_ex	97.11	311	6	2	4	311	5	315	7e-153	 521
CH106-pl1-1-6-Oct-nc|1_2110_15659_23451_1_ex	CH101-pl1-1-1-Oct-nc|1_2105_17136_11806_1_ex	98.73	314	1	2	1	311	2	315	8e-163	 555
CH509-7-8-May-nc|1_2101_5882_5905_1_ex	CH101-pl1-1-1-Oct-nc|1_2105_17136_11806_1_ex	99.36	314	2	0	1	314	2	315	3e-167	 569
CH509-7-8-May-nc|1_1105_24118_22790_1_ex	CH101-pl1-1-1-Oct-nc|1_2105_17136_11806_1_ex	97.78	316	2	3	1	313	2	315	2e-158	 540
CH509-7-8-May-nc|1_1114_5815_14050_1_ex	CH101-pl1-1-1-Oct-nc|1_2105_17136_11806_1_ex	97.45	314	2	3	1	308	2	315	1e-155	 531
CH307-pl1-4-2-Oct-nc|1_2111_26938_16630_1_ex	CH101-pl1-1-1-Oct-nc|1_2105_17136_11806_1_ex	99.04	314	0	1	1	311	2	315	2e-164	 560
CH603-pl1-6-3-Oct-nc|1_2111_22687_15876_1_ex	CH101-pl1-1-1-Oct-nc|1_2105_17136_11806_1_ex	99.68	315	1	0	1	315	1	315	2e-169	 577
CH603-pl1-6-3-Oct-nc|1_1102_3745_17711_1_ex	CH101-pl1-1-1-Oct-nc|1_2105_17136_11806_1_ex	96.52	316	6	3	1	313	2	315	9e-152	 518
CH603-pl1-6-3-Oct-nc|1_2103_11992_17643_1_ex	CH101-pl1-1-1-Oct-nc|1_2105_17136_11806_1_ex	97.43	311	5	1	4	311	5	315	2e-154	 527
CH603-pl1-6-3-Oct-nc|1_2111_14816_26851_1_ex	CH101-pl1-1-1-Oct-nc|1_2105_17136_11806_1_ex	98.99	296	0	1	19	311	20	315	2e-154	 527
CH305-pl1-3-8-Oct-nc|1_1103_15287_26025_1_ex	CH101-pl1-1-1-Oct-nc|1_2105_17136_11806_1_ex	99.05	315	0	1	3	314	1	315	4e-165	 562
CH303-pl1-3-6-Oct-nc|1_2101_2773_19044_1_ex	CH101-pl1-1-1-Oct-nc|1_2105_17136_11806_1_ex	99.37	315	2	0	1	315	1	315	7e-168	 571
CH303-pl1-3-6-Oct-nc|1_2101_15444_21743_1_ex	CH101-pl1-1-1-Oct-nc|1_2105_17136_11806_1_ex	97.16	317	3	2	1	314	2	315	1e-155	 531
CH303-pl1-3-6-Oct-nc|1_1101_27561_20028_1_ex	CH101-pl1-1-1-Oct-nc|1_2105_17136_11806_1_ex	97.78	315	4	3	1	312	1	315	2e-158	 540
CH303-pl1-3-6-Oct-nc|1_1101_21365_26861_1_ex	CH101-pl1-1-1-Oct-nc|1_2105_17136_11806_1_ex	96.82	314	7	2	1	311	2	315	7e-153	 521
CH303-pl1-3-6-Oct-nc|1_1102_23591_13453_1_ex	CH101-pl1-1-1-Oct-nc|1_2105_17136_11806_1_ex	97.77	314	4	2	1	311	2	315	7e-158	 538
CH303-pl1-3-6-Oct-nc|1_1109_21051_24535_1_ex	CH101-pl1-1-1-Oct-nc|1_2105_17136_11806_1_ex	97.45	314	5	2	1	311	2	315	3e-156	 532
CH303-pl1-3-6-Oct-nc|1_1111_22301_13305_1_ex	CH101-pl1-1-1-Oct-nc|1_2105_17136_11806_1_ex	97.76	313	4	1	2	311	3	315	3e-157	 536
CH303-pl1-3-6-Oct-nc|1_1104_21351_17798_1_ex	CH101-pl1-1-1-Oct-nc|1_2105_17136_11806_1_ex	97.45	314	4	3	1	310	2	315	3e-156	 532
CH303-pl1-3-6-Oct-nc|1_1108_3489_19275_1_ex	CH101-pl1-1-1-Oct-nc|1_2105_17136_11806_1_ex	97.44	313	2	3	2	308	3	315	4e-155	 529
CH608-pl1-6-8-Oct-nc|1_2102_22468_24274_1_ex	CH101-pl1-1-1-Oct-nc|1_2105_17136_11806_1_ex	98.73	314	1	2	1	311	2	315	7e-163	 555
CH504-pl1-5-2-Oct-nc|1_1103_6377_16927_1_ex	CH101-pl1-1-1-Oct-nc|1_2105_17136_11806_1_ex	98.73	314	1	1	1	311	2	315	7e-163	 555
CH506-pl1-5-4-Oct-nc|1_1105_11317_10762_1_ex	CH101-pl1-1-1-Oct-nc|1_2105_17136_11806_1_ex	98.73	315	0	3	1	312	2	315	2e-163	 556
CH208-3-7-May-nc|1_2107_13823_23739_1_ex	CH101-pl1-1-1-Oct-nc|1_2105_17136_11806_1_ex	98.41	314	2	2	1	311	2	315	3e-161	 549
CH208-3-7-May-nc|1_1102_25191_15965_1_ex	CH101-pl1-1-1-Oct-nc|1_2105_17136_11806_1_ex	98.09	314	5	1	1	313	2	315	4e-160	 545
CH208-3-7-May-nc|1_1107_24978_13102_1_ex	CH101-pl1-1-1-Oct-nc|1_2105_17136_11806_1_ex	97.41	309	5	2	6	311	7	315	2e-153	 523
CH208-3-7-May-nc|1_2111_10616_10934_1_ex	CH101-pl1-1-1-Oct-nc|1_2105_17136_11806_1_ex	96.50	314	8	1	1	311	2	315	3e-151	 516
CH208-3-7-May-nc|1_2113_13133_17253_1_ex	CH101-pl1-1-1-Oct-nc|1_2105_17136_11806_1_ex	96.52	316	2	6	1	309	2	315	1e-150	 514
CH105-pl1-1-5-Oct-nc|1_1111_17590_9870_1_ex	CH101-pl1-1-1-Oct-nc|1_2105_17136_11806_1_ex	98.73	314	1	1	1	311	2	315	7e-163	 555
CH505-pl1-5-3-Oct-nc|1_1111_27423_13701_1_ex	CH101-pl1-1-1-Oct-nc|1_2105_17136_11806_1_ex	98.73	314	1	1	1	311	2	315	8e-163	 555
pcr-NEG-pl1-7-5-Oct-nc|1_2110_26480_22422_1_ex	CH101-pl1-1-1-Oct-nc|1_2105_17136_11806_1_ex	100.00	314	0	0	1	314	2	315	1e-170	 580
CH509-pl1-5-7-Oct-nc|1_1105_12208_14070_1_ex	CH101-pl1-1-1-Oct-nc|1_2105_17136_11806_1_ex	96.54	318	4	4	1	315	2	315	3e-152	 520
CH509-pl1-5-7-Oct-nc|1_1103_14803_12121_1_ex	CH101-pl1-1-1-Oct-nc|1_2105_17136_11806_1_ex	100.00	314	0	0	1	314	2	315	1e-170	 580
CH401-pl1-4-6-Oct-nc|1_1113_16057_10251_1_ex	CH101-pl1-1-1-Oct-nc|1_2105_17136_11806_1_ex	98.73	315	3	1	1	315	2	315	6e-164	 558
CH401-pl1-4-6-Oct-nc|1_1103_18623_9709_1_ex	CH101-pl1-1-1-Oct-nc|1_2105_17136_11806_1_ex	96.85	317	4	3	1	314	2	315	6e-154	 525
CH401-pl1-4-6-Oct-nc|1_2113_25554_12926_1_ex	CH101-pl1-1-1-Oct-nc|1_2105_17136_11806_1_ex	97.78	316	2	4	1	313	2	315	2e-158	 540
CH108-1-1-May-nc|1_1105_22538_22905_1_ex	CH101-pl1-1-1-Oct-nc|1_2105_17136_11806_1_ex	99.04	314	0	1	1	311	2	315	2e-164	 560
CH-BL1-pl1-7-3-Oct-nc|1_2111_14114_15025_1_ex	CH101-pl1-1-1-Oct-nc|1_2105_17136_11806_1_ex	100.00	314	0	0	1	314	2	315	1e-170	 580
